<?xml version="1.0" encoding="UTF-8"?>
<!-- Generated by org.testng.reporters.JUnitReportReporter -->
<testsuite hostname="LAPTOP-VFRUA80I" failures="0" tests="1" name="TestData.Script2" time="0.011" errors="0" timestamp="2023-12-22T00:13:08 IST" skipped="0">
  <testcase classname="TestData.Script2" name="m2" time="0.011"/>
  <system-out/>
</testsuite> <!-- TestData.Script2 -->
