<?xml version="1.0" encoding="UTF-8"?>
<!-- Generated by org.testng.reporters.JUnitReportReporter -->
<testsuite hostname="LAPTOP-VFRUA80I" failures="0" tests="1" name="TestData.Script1" time="0.016" errors="0" timestamp="2023-12-21T23:20:45 IST" skipped="0">
  <testcase classname="TestData.Script1" name="M1" time="0.016"/>
  <system-out/>
</testsuite> <!-- TestData.Script1 -->
